2024-08-27 16:39:21,860 INFO:[31m[1mWARNING: This is a development server. Do not use it in a production deployment. Use a production WSGI server instead.[0m
 * Running on http://127.0.0.1:5000
2024-08-27 16:39:21,860 INFO:[33mPress CTRL+C to quit[0m
2024-08-27 16:39:21,860 INFO: * Restarting with stat
2024-08-27 16:39:22,193 WARNING: * Debugger is active!
2024-08-27 16:39:22,193 INFO: * Debugger PIN: 108-988-984
2024-08-27 16:40:22,145 INFO:[31m[1mWARNING: This is a development server. Do not use it in a production deployment. Use a production WSGI server instead.[0m
 * Running on http://127.0.0.1:5000
2024-08-27 16:40:22,145 INFO:[33mPress CTRL+C to quit[0m
2024-08-27 16:40:22,155 INFO: * Restarting with stat
2024-08-27 16:40:22,515 WARNING: * Debugger is active!
2024-08-27 16:40:22,520 INFO: * Debugger PIN: 108-988-984
2024-08-27 16:40:32,967 ERROR:Missing field: _status
2024-08-27 16:40:32,967 ERROR:No JSON data received
2024-08-27 16:40:33,082 INFO:Data saved successfully for submission_id: 123
2024-08-27 17:10:37,048 INFO: * Detected change in 'D:\\GitHub\\Real--Time-Data-Extraction\\app.py', reloading
2024-08-27 17:10:37,247 INFO: * Restarting with stat
2024-08-27 17:10:43,479 WARNING: * Debugger is active!
2024-08-27 17:10:43,495 INFO: * Debugger PIN: 108-988-984
2024-08-27 17:10:44,751 INFO: * Detected change in 'D:\\GitHub\\Real--Time-Data-Extraction\\app.py', reloading
2024-08-27 17:10:44,872 INFO: * Restarting with stat
